# JRE version: OpenJDK Runtime Environment Temurin-21.0.10+7 (21.0.10+7) (build 21.0.10+7-LTS)
# Java VM: OpenJDK 64-Bit Server VM Temurin-21.0.10+7 (21.0.10+7-LTS, mixed mode, sharing, tiered, compressed oops, compressed class ptrs, parallel gc, windows-amd64)
GC Precious Log:
 CardTable entry size: 512
 CPUs: 18 total, 18 available
 Memory: 7696M
 Large Page Support: Disabled
 NUMA Support: Disabled
 Compressed Oops: Enabled (32-bit)
 Alignments: Space 512K, Generation 512K, Heap 2M
 Heap Min Capacity: 100M
 Heap Initial Capacity: 100M
 Heap Max Capacity: 2G
 Pre-touch: Disabled
 Parallel Workers: 14
Heap:
 PSYoungGen      total 4096K, used 4018K [0x00000000d5580000, 0x00000000d6280000, 0x0000000100000000)
  eden space 3584K, 99% used [0x00000000d5580000,0x00000000d58fc820,0x00000000d5900000)
  from space 512K, 87% used [0x00000000d6200000,0x00000000d6270010,0x00000000d6280000)
  to   space 2048K, 0% used [0x00000000d5e80000,0x00000000d5e80000,0x00000000d6080000)
 ParOldGen       total 879104K, used 878771K [0x0000000080000000, 0x00000000b5a80000, 0x00000000d5580000)
  object space 879104K, 99% used [0x0000000080000000,0x00000000b5a2cc68,0x00000000b5a80000)
 Metaspace       used 63738K, committed 65280K, reserved 1114112K
  class space    used 7408K, committed 8064K, reserved 1048576K
GC Heap History (20 events):
Event: 44.893 GC heap before
{Heap before GC invocations=1088 (full 3):
 PSYoungGen      total 6144K, used 5984K [0x00000000d5580000, 0x00000000d5d00000, 0x0000000100000000)
  eden space 4608K, 100% used [0x00000000d5580000,0x00000000d5a00000,0x00000000d5a00000)
  from space 1536K, 89% used [0x00000000d5b80000,0x00000000d5cd8000,0x00000000d5d00000)
  to   space 1536K, 0% used [0x00000000d5a00000,0x00000000d5a00000,0x00000000d5b80000)
 ParOldGen       total 836096K, used 835789K [0x0000000080000000, 0x00000000b3080000, 0x00000000d5580000)
  object space 836096K, 99% used [0x0000000080000000,0x00000000b3033720,0x00000000b3080000)
 Metaspace       used 62982K, committed 64512K, reserved 1114112K
  class space    used 7347K, committed 8000K, reserved 1048576K
}
Event: 44.898 GC heap after
{Heap after GC invocations=1088 (full 3):
 PSYoungGen      total 6144K, used 1522K [0x00000000d5580000, 0x00000000d6800000, 0x0000000100000000)
  eden space 4608K, 0% used [0x00000000d5580000,0x00000000d5580000,0x00000000d5a00000)
  from space 1536K, 99% used [0x00000000d5a00000,0x00000000d5b7cb40,0x00000000d5b80000)
  to   space 6656K, 0% used [0x00000000d6180000,0x00000000d6180000,0x00000000d6800000)
 ParOldGen       total 840192K, used 839901K [0x0000000080000000, 0x00000000b3480000, 0x00000000d5580000)
  object space 840192K, 99% used [0x0000000080000000,0x00000000b3437720,0x00000000b3480000)
 Metaspace       used 62982K, committed 64512K, reserved 1114112K
  class space    used 7347K, committed 8000K, reserved 1048576K
}
Event: 44.912 GC heap before
{Heap before GC invocations=1089 (full 3):
 PSYoungGen      total 6144K, used 6088K [0x00000000d5580000, 0x00000000d6800000, 0x0000000100000000)
  eden space 4608K, 99% used [0x00000000d5580000,0x00000000d59f56e0,0x00000000d5a00000)
  from space 1536K, 99% used [0x00000000d5a00000,0x00000000d5b7cb40,0x00000000d5b80000)
  to   space 6656K, 0% used [0x00000000d6180000,0x00000000d6180000,0x00000000d6800000)
 ParOldGen       total 840192K, used 839901K [0x0000000080000000, 0x00000000b3480000, 0x00000000d5580000)
  object space 840192K, 99% used [0x0000000080000000,0x00000000b3437720,0x00000000b3480000)
 Metaspace       used 62982K, committed 64512K, reserved 1114112K
  class space    used 7347K, committed 8000K, reserved 1048576K
}
Event: 44.917 GC heap after
{Heap after GC invocations=1089 (full 3):
 PSYoungGen      total 10240K, used 4473K [0x00000000d5580000, 0x00000000d6600000, 0x0000000100000000)
  eden space 5632K, 0% used [0x00000000d5580000,0x00000000d5580000,0x00000000d5b00000)
  from space 4608K, 97% used [0x00000000d6180000,0x00000000d65de658,0x00000000d6600000)
  to   space 5120K, 0% used [0x00000000d5c00000,0x00000000d5c00000,0x00000000d6100000)
 ParOldGen       total 841728K, used 841357K [0x0000000080000000, 0x00000000b3600000, 0x00000000d5580000)
  object space 841728K, 99% used [0x0000000080000000,0x00000000b35a3530,0x00000000b3600000)
 Metaspace       used 62982K, committed 64512K, reserved 1114112K
  class space    used 7347K, committed 8000K, reserved 1048576K
}
Event: 44.935 GC heap before
{Heap before GC invocations=1090 (full 3):
 PSYoungGen      total 10240K, used 10105K [0x00000000d5580000, 0x00000000d6600000, 0x0000000100000000)
  eden space 5632K, 100% used [0x00000000d5580000,0x00000000d5b00000,0x00000000d5b00000)
  from space 4608K, 97% used [0x00000000d6180000,0x00000000d65de658,0x00000000d6600000)
  to   space 5120K, 0% used [0x00000000d5c00000,0x00000000d5c00000,0x00000000d6100000)
 ParOldGen       total 841728K, used 841357K [0x0000000080000000, 0x00000000b3600000, 0x00000000d5580000)
  object space 841728K, 99% used [0x0000000080000000,0x00000000b35a3530,0x00000000b3600000)
 Metaspace       used 62985K, committed 64512K, reserved 1114112K
  class space    used 7347K, committed 8000K, reserved 1048576K
}
Event: 44.940 GC heap after
{Heap after GC invocations=1090 (full 3):
 PSYoungGen      total 11776K, used 5109K [0x00000000d5580000, 0x00000000d6d80000, 0x0000000100000000)
  eden space 6656K, 0% used [0x00000000d5580000,0x00000000d5580000,0x00000000d5c00000)
  from space 5120K, 99% used [0x00000000d5c00000,0x00000000d60fd5d0,0x00000000d6100000)
  to   space 8704K, 0% used [0x00000000d6500000,0x00000000d6500000,0x00000000d6d80000)
 ParOldGen       total 844288K, used 844005K [0x0000000080000000, 0x00000000b3880000, 0x00000000d5580000)
  object space 844288K, 99% used [0x0000000080000000,0x00000000b38397f8,0x00000000b3880000)
 Metaspace       used 62985K, committed 64512K, reserved 1114112K
  class space    used 7347K, committed 8000K, reserved 1048576K
}
Event: 45.008 GC heap before
{Heap before GC invocations=1091 (full 3):
 PSYoungGen      total 11776K, used 11765K [0x00000000d5580000, 0x00000000d6d80000, 0x0000000100000000)
  eden space 6656K, 100% used [0x00000000d5580000,0x00000000d5c00000,0x00000000d5c00000)
  from space 5120K, 99% used [0x00000000d5c00000,0x00000000d60fd5d0,0x00000000d6100000)
  to   space 8704K, 0% used [0x00000000d6500000,0x00000000d6500000,0x00000000d6d80000)
 ParOldGen       total 844288K, used 844005K [0x0000000080000000, 0x00000000b3880000, 0x00000000d5580000)
  object space 844288K, 99% used [0x0000000080000000,0x00000000b38397f8,0x00000000b3880000)
 Metaspace       used 63114K, committed 64576K, reserved 1114112K
  class space    used 7358K, committed 8000K, reserved 1048576K
}
Event: 45.014 GC heap after
{Heap after GC invocations=1091 (full 3):
 PSYoungGen      total 10752K, used 2553K [0x00000000d5580000, 0x00000000d6780000, 0x0000000100000000)
  eden space 8192K, 0% used [0x00000000d5580000,0x00000000d5580000,0x00000000d5d80000)
  from space 2560K, 99% used [0x00000000d6500000,0x00000000d677e448,0x00000000d6780000)
  to   space 4608K, 0% used [0x00000000d5e80000,0x00000000d5e80000,0x00000000d6300000)
 ParOldGen       total 848384K, used 847999K [0x0000000080000000, 0x00000000b3c80000, 0x00000000d5580000)
  object space 848384K, 99% used [0x0000000080000000,0x00000000b3c1ff40,0x00000000b3c80000)
 Metaspace       used 63114K, committed 64576K, reserved 1114112K
  class space    used 7358K, committed 8000K, reserved 1048576K
}
Event: 45.041 GC heap before
{Heap before GC invocations=1092 (full 3):
 PSYoungGen      total 10752K, used 10745K [0x00000000d5580000, 0x00000000d6780000, 0x0000000100000000)
  eden space 8192K, 100% used [0x00000000d5580000,0x00000000d5d80000,0x00000000d5d80000)
  from space 2560K, 99% used [0x00000000d6500000,0x00000000d677e448,0x00000000d6780000)
  to   space 4608K, 0% used [0x00000000d5e80000,0x00000000d5e80000,0x00000000d6300000)
 ParOldGen       total 848384K, used 847999K [0x0000000080000000, 0x00000000b3c80000, 0x00000000d5580000)
  object space 848384K, 99% used [0x0000000080000000,0x00000000b3c1ff40,0x00000000b3c80000)
 Metaspace       used 63262K, committed 64832K, reserved 1114112K
  class space    used 7382K, committed 8064K, reserved 1048576K
}
Event: 45.047 GC heap after
{Heap after GC invocations=1092 (full 3):
 PSYoungGen      total 13824K, used 4594K [0x00000000d5580000, 0x00000000d7280000, 0x0000000100000000)
  eden space 9216K, 0% used [0x00000000d5580000,0x00000000d5580000,0x00000000d5e80000)
  from space 4608K, 99% used [0x00000000d5e80000,0x00000000d62fc8e0,0x00000000d6300000)
  to   space 9728K, 0% used [0x00000000d6900000,0x00000000d6900000,0x00000000d7280000)
 ParOldGen       total 851968K, used 851946K [0x0000000080000000, 0x00000000b4000000, 0x00000000d5580000)
  object space 851968K, 99% used [0x0000000080000000,0x00000000b3ffabe0,0x00000000b4000000)
 Metaspace       used 63262K, committed 64832K, reserved 1114112K
  class space    used 7382K, committed 8064K, reserved 1048576K
}
Event: 45.090 GC heap before
{Heap before GC invocations=1093 (full 3):
 PSYoungGen      total 13824K, used 13810K [0x00000000d5580000, 0x00000000d7280000, 0x0000000100000000)
  eden space 9216K, 100% used [0x00000000d5580000,0x00000000d5e80000,0x00000000d5e80000)
  from space 4608K, 99% used [0x00000000d5e80000,0x00000000d62fc8e0,0x00000000d6300000)
  to   space 9728K, 0% used [0x00000000d6900000,0x00000000d6900000,0x00000000d7280000)
 ParOldGen       total 851968K, used 851946K [0x0000000080000000, 0x00000000b4000000, 0x00000000d5580000)
  object space 851968K, 99% used [0x0000000080000000,0x00000000b3ffabe0,0x00000000b4000000)
 Metaspace       used 63373K, committed 64896K, reserved 1114112K
  class space    used 7392K, committed 8064K, reserved 1048576K
}
Event: 45.097 GC heap after
{Heap after GC invocations=1093 (full 3):
 PSYoungGen      total 17408K, used 7776K [0x00000000d5580000, 0x00000000d7100000, 0x0000000100000000)
  eden space 9216K, 0% used [0x00000000d5580000,0x00000000d5580000,0x00000000d5e80000)
  from space 8192K, 94% used [0x00000000d6900000,0x00000000d7098270,0x00000000d7100000)
  to   space 8192K, 0% used [0x00000000d6100000,0x00000000d6100000,0x00000000d6900000)
 ParOldGen       total 857088K, used 856583K [0x0000000080000000, 0x00000000b4500000, 0x00000000d5580000)
  object space 857088K, 99% used [0x0000000080000000,0x00000000b4481ca0,0x00000000b4500000)
 Metaspace       used 63373K, committed 64896K, reserved 1114112K
  class space    used 7392K, committed 8064K, reserved 1048576K
}
Event: 45.150 GC heap before
{Heap before GC invocations=1094 (full 3):
 PSYoungGen      total 17408K, used 16992K [0x00000000d5580000, 0x00000000d7100000, 0x0000000100000000)
  eden space 9216K, 99% used [0x00000000d5580000,0x00000000d5e7ffb0,0x00000000d5e80000)
  from space 8192K, 94% used [0x00000000d6900000,0x00000000d7098270,0x00000000d7100000)
  to   space 8192K, 0% used [0x00000000d6100000,0x00000000d6100000,0x00000000d6900000)
 ParOldGen       total 857088K, used 856583K [0x0000000080000000, 0x00000000b4500000, 0x00000000d5580000)
  object space 857088K, 99% used [0x0000000080000000,0x00000000b4481ca0,0x00000000b4500000)
 Metaspace       used 63426K, committed 64960K, reserved 1114112K
  class space    used 7394K, committed 8064K, reserved 1048576K
}
Event: 45.160 GC heap after
{Heap after GC invocations=1094 (full 3):
 PSYoungGen      total 15872K, used 6522K [0x00000000d5580000, 0x00000000d6c80000, 0x0000000100000000)
  eden space 9216K, 0% used [0x00000000d5580000,0x00000000d5580000,0x00000000d5e80000)
  from space 6656K, 97% used [0x00000000d6100000,0x00000000d675eab0,0x00000000d6780000)
  to   space 5120K, 0% used [0x00000000d6780000,0x00000000d6780000,0x00000000d6c80000)
 ParOldGen       total 864256K, used 864192K [0x0000000080000000, 0x00000000b4c00000, 0x00000000d5580000)
  object space 864256K, 99% used [0x0000000080000000,0x00000000b4bf03a8,0x00000000b4c00000)
 Metaspace       used 63426K, committed 64960K, reserved 1114112K
  class space    used 7394K, committed 8064K, reserved 1048576K
}
Event: 45.204 GC heap before
{Heap before GC invocations=1095 (full 3):
 PSYoungGen      total 15872K, used 15738K [0x00000000d5580000, 0x00000000d6c80000, 0x0000000100000000)
  eden space 9216K, 100% used [0x00000000d5580000,0x00000000d5e80000,0x00000000d5e80000)
  from space 6656K, 97% used [0x00000000d6100000,0x00000000d675eab0,0x00000000d6780000)
  to   space 5120K, 0% used [0x00000000d6780000,0x00000000d6780000,0x00000000d6c80000)
 ParOldGen       total 864256K, used 864192K [0x0000000080000000, 0x00000000b4c00000, 0x00000000d5580000)
  object space 864256K, 99% used [0x0000000080000000,0x00000000b4bf03a8,0x00000000b4c00000)
 Metaspace       used 63455K, committed 65024K, reserved 1114112K
  class space    used 7399K, committed 8064K, reserved 1048576K
}
Event: 45.214 GC heap after
{Heap after GC invocations=1095 (full 3):
 PSYoungGen      total 8704K, used 5088K [0x00000000d5580000, 0x00000000d7b80000, 0x0000000100000000)
  eden space 3584K, 0% used [0x00000000d5580000,0x00000000d5580000,0x00000000d5900000)
  from space 5120K, 99% used [0x00000000d6780000,0x00000000d6c78020,0x00000000d6c80000)
  to   space 14848K, 0% used [0x00000000d5900000,0x00000000d5900000,0x00000000d6780000)
 ParOldGen       total 872960K, used 872587K [0x0000000080000000, 0x00000000b5480000, 0x00000000d5580000)
  object space 872960K, 99% used [0x0000000080000000,0x00000000b5422c28,0x00000000b5480000)
 Metaspace       used 63455K, committed 65024K, reserved 1114112K
  class space    used 7399K, committed 8064K, reserved 1048576K
}
Event: 45.265 GC heap before
{Heap before GC invocations=1096 (full 3):
 PSYoungGen      total 8704K, used 8658K [0x00000000d5580000, 0x00000000d7b80000, 0x0000000100000000)
  eden space 3584K, 99% used [0x00000000d5580000,0x00000000d58fc8c0,0x00000000d5900000)
  from space 5120K, 99% used [0x00000000d6780000,0x00000000d6c78020,0x00000000d6c80000)
  to   space 14848K, 0% used [0x00000000d5900000,0x00000000d5900000,0x00000000d6780000)
 ParOldGen       total 872960K, used 872587K [0x0000000080000000, 0x00000000b5480000, 0x00000000d5580000)
  object space 872960K, 99% used [0x0000000080000000,0x00000000b5422c28,0x00000000b5480000)
 Metaspace       used 63520K, committed 65088K, reserved 1114112K
  class space    used 7400K, committed 8064K, reserved 1048576K
}
Event: 45.272 GC heap after
{Heap after GC invocations=1096 (full 3):
 PSYoungGen      total 5120K, used 1509K [0x00000000d5580000, 0x00000000d6800000, 0x0000000100000000)
  eden space 3584K, 0% used [0x00000000d5580000,0x00000000d5580000,0x00000000d5900000)
  from space 1536K, 98% used [0x00000000d5900000,0x00000000d5a795a0,0x00000000d5a80000)
  to   space 6144K, 0% used [0x00000000d6200000,0x00000000d6200000,0x00000000d6800000)
 ParOldGen       total 878080K, used 877739K [0x0000000080000000, 0x00000000b5980000, 0x00000000d5580000)
  object space 878080K, 99% used [0x0000000080000000,0x00000000b592ac58,0x00000000b5980000)
 Metaspace       used 63520K, committed 65088K, reserved 1114112K
  class space    used 7400K, committed 8064K, reserved 1048576K
}
Event: 45.335 GC heap before
{Heap before GC invocations=1097 (full 3):
 PSYoungGen      total 5120K, used 5093K [0x00000000d5580000, 0x00000000d6800000, 0x0000000100000000)
  eden space 3584K, 100% used [0x00000000d5580000,0x00000000d5900000,0x00000000d5900000)
  from space 1536K, 98% used [0x00000000d5900000,0x00000000d5a795a0,0x00000000d5a80000)
  to   space 6144K, 0% used [0x00000000d6200000,0x00000000d6200000,0x00000000d6800000)
 ParOldGen       total 878080K, used 877739K [0x0000000080000000, 0x00000000b5980000, 0x00000000d5580000)
  object space 878080K, 99% used [0x0000000080000000,0x00000000b592ac58,0x00000000b5980000)
 Metaspace       used 63560K, committed 65088K, reserved 1114112K
  class space    used 7400K, committed 8064K, reserved 1048576K
}
Event: 45.338 GC heap after
{Heap after GC invocations=1097 (full 3):
 PSYoungGen      total 4096K, used 448K [0x00000000d5580000, 0x00000000d6280000, 0x0000000100000000)
  eden space 3584K, 0% used [0x00000000d5580000,0x00000000d5580000,0x00000000d5900000)
  from space 512K, 87% used [0x00000000d6200000,0x00000000d6270010,0x00000000d6280000)
  to   space 2048K, 0% used [0x00000000d5e80000,0x00000000d5e80000,0x00000000d6080000)
 ParOldGen       total 879104K, used 878771K [0x0000000080000000, 0x00000000b5a80000, 0x00000000d5580000)
  object space 879104K, 99% used [0x0000000080000000,0x00000000b5a2cc68,0x00000000b5a80000)
 Metaspace       used 63560K, committed 65088K, reserved 1114112K
  class space    used 7400K, committed 8064K, reserved 1048576K
}

