# JRE version: Java(TM) SE Runtime Environment (23.0.2+7) (build 23.0.2+7-58)
# Java VM: Java HotSpot(TM) 64-Bit Server VM (23.0.2+7-58, mixed mode, sharing, tiered, compressed oops, compressed class ptrs, g1 gc, windows-amd64)
GC Precious Log:
 CardTable entry size: 512
 Card Set container configuration: InlinePtr #cards 5 size 8 Array Of Cards #cards 10 size 36 Howl #buckets 4 coarsen threshold 1843 Howl Bitmap #cards 512 size 80 coarsen threshold 460 Card regions per heap region 1 cards per card region 2048
 CPUs: 18 total, 18 available
 Memory: 7696M
 Large Page Support: Disabled
 NUMA Support: Disabled
 Compressed Oops: Enabled (32-bit)
 Heap Region Size: 1M
 Heap Min Capacity: 8M
 Heap Initial Capacity: 122M
 Heap Max Capacity: 1926M
 Pre-touch: Disabled
 Parallel Workers: 14
 Concurrent Workers: 4
 Concurrent Refinement Workers: 14
 Periodic GC: Disabled
Heap:
 garbage-first heap   total reserved 1972224K, committed 400384K, used 339992K [0x0000000087a00000, 0x0000000100000000)
  region size 1024K, 97 young (99328K), 7 survivors (7168K)
 Metaspace       used 84930K, committed 85312K, reserved 1179648K
  class space    used 8909K, committed 9088K, reserved 1048576K
GC Heap History (20 events):
Event: 46.194 GC heap before
{Heap before GC invocations=33 (full 0):
 garbage-first heap   total reserved 1972224K, committed 230400K, used 196115K [0x0000000087a00000, 0x0000000100000000)
  region size 1024K, 77 young (78848K), 6 survivors (6144K)
 Metaspace       used 64083K, committed 64448K, reserved 1114112K
  class space    used 6938K, committed 7104K, reserved 1048576K
}
Event: 46.293 GC heap after
{Heap after GC invocations=34 (full 0):
 garbage-first heap   total reserved 1972224K, committed 230400K, used 135502K [0x0000000087a00000, 0x0000000100000000)
  region size 1024K, 10 young (10240K), 10 survivors (10240K)
 Metaspace       used 64083K, committed 64448K, reserved 1114112K
  class space    used 6938K, committed 7104K, reserved 1048576K
}
Event: 52.325 GC heap before
{Heap before GC invocations=34 (full 0):
 garbage-first heap   total reserved 1972224K, committed 230400K, used 201038K [0x0000000087a00000, 0x0000000100000000)
  region size 1024K, 74 young (75776K), 10 survivors (10240K)
 Metaspace       used 64219K, committed 64576K, reserved 1114112K
  class space    used 6944K, committed 7104K, reserved 1048576K
}
Event: 52.338 GC heap after
{Heap after GC invocations=35 (full 0):
 garbage-first heap   total reserved 1972224K, committed 230400K, used 147143K [0x0000000087a00000, 0x0000000100000000)
  region size 1024K, 10 young (10240K), 10 survivors (10240K)
 Metaspace       used 64219K, committed 64576K, reserved 1114112K
  class space    used 6944K, committed 7104K, reserved 1048576K
}
Event: 53.974 GC heap before
{Heap before GC invocations=36 (full 0):
 garbage-first heap   total reserved 1972224K, committed 245760K, used 205511K [0x0000000087a00000, 0x0000000100000000)
  region size 1024K, 67 young (68608K), 10 survivors (10240K)
 Metaspace       used 64280K, committed 64576K, reserved 1114112K
  class space    used 6944K, committed 7104K, reserved 1048576K
}
Event: 53.986 GC heap after
{Heap after GC invocations=37 (full 0):
 garbage-first heap   total reserved 1972224K, committed 245760K, used 158208K [0x0000000087a00000, 0x0000000100000000)
  region size 1024K, 9 young (9216K), 9 survivors (9216K)
 Metaspace       used 64280K, committed 64576K, reserved 1114112K
  class space    used 6944K, committed 7104K, reserved 1048576K
}
Event: 56.510 GC heap before
{Heap before GC invocations=37 (full 0):
 garbage-first heap   total reserved 1972224K, committed 245760K, used 218624K [0x0000000087a00000, 0x0000000100000000)
  region size 1024K, 68 young (69632K), 9 survivors (9216K)
 Metaspace       used 69969K, committed 70336K, reserved 1114112K
  class space    used 7438K, committed 7616K, reserved 1048576K
}
Event: 56.532 GC heap after
{Heap after GC invocations=38 (full 0):
 garbage-first heap   total reserved 1972224K, committed 245760K, used 167852K [0x0000000087a00000, 0x0000000100000000)
  region size 1024K, 9 young (9216K), 9 survivors (9216K)
 Metaspace       used 69969K, committed 70336K, reserved 1114112K
  class space    used 7438K, committed 7616K, reserved 1048576K
}
Event: 57.863 GC heap before
{Heap before GC invocations=38 (full 0):
 garbage-first heap   total reserved 1972224K, committed 245760K, used 222124K [0x0000000087a00000, 0x0000000100000000)
  region size 1024K, 62 young (63488K), 9 survivors (9216K)
 Metaspace       used 72023K, committed 72448K, reserved 1114112K
  class space    used 7608K, committed 7808K, reserved 1048576K
}
Event: 57.888 GC heap after
{Heap after GC invocations=39 (full 0):
 garbage-first heap   total reserved 1972224K, committed 245760K, used 181175K [0x0000000087a00000, 0x0000000100000000)
  region size 1024K, 8 young (8192K), 8 survivors (8192K)
 Metaspace       used 72023K, committed 72448K, reserved 1114112K
  class space    used 7608K, committed 7808K, reserved 1048576K
}
Event: 58.457 GC heap before
{Heap before GC invocations=40 (full 0):
 garbage-first heap   total reserved 1972224K, committed 302080K, used 221111K [0x0000000087a00000, 0x0000000100000000)
  region size 1024K, 47 young (48128K), 8 survivors (8192K)
 Metaspace       used 72248K, committed 72640K, reserved 1114112K
  class space    used 7623K, committed 7808K, reserved 1048576K
}
Event: 58.475 GC heap after
{Heap after GC invocations=41 (full 0):
 garbage-first heap   total reserved 1972224K, committed 302080K, used 190464K [0x0000000087a00000, 0x0000000100000000)
  region size 1024K, 6 young (6144K), 6 survivors (6144K)
 Metaspace       used 72248K, committed 72640K, reserved 1114112K
  class space    used 7623K, committed 7808K, reserved 1048576K
}
Event: 59.217 GC heap before
{Heap before GC invocations=41 (full 0):
 garbage-first heap   total reserved 1972224K, committed 302080K, used 264192K [0x0000000087a00000, 0x0000000100000000)
  region size 1024K, 78 young (79872K), 6 survivors (6144K)
 Metaspace       used 72465K, committed 72832K, reserved 1114112K
  class space    used 7633K, committed 7808K, reserved 1048576K
}
Event: 59.248 GC heap after
{Heap after GC invocations=42 (full 0):
 garbage-first heap   total reserved 1972224K, committed 302080K, used 207360K [0x0000000087a00000, 0x0000000100000000)
  region size 1024K, 10 young (10240K), 10 survivors (10240K)
 Metaspace       used 72465K, committed 72832K, reserved 1114112K
  class space    used 7633K, committed 7808K, reserved 1048576K
}
Event: 59.654 GC heap before
{Heap before GC invocations=42 (full 0):
 garbage-first heap   total reserved 1972224K, committed 302080K, used 267776K [0x0000000087a00000, 0x0000000100000000)
  region size 1024K, 69 young (70656K), 10 survivors (10240K)
 Metaspace       used 72497K, committed 72896K, reserved 1179648K
  class space    used 7636K, committed 7808K, reserved 1048576K
}
Event: 59.676 GC heap after
{Heap after GC invocations=43 (full 0):
 garbage-first heap   total reserved 1972224K, committed 400384K, used 222617K [0x0000000087a00000, 0x0000000100000000)
  region size 1024K, 9 young (9216K), 9 survivors (9216K)
 Metaspace       used 72497K, committed 72896K, reserved 1179648K
  class space    used 7636K, committed 7808K, reserved 1048576K
}
Event: 61.740 GC heap before
{Heap before GC invocations=44 (full 0):
 garbage-first heap   total reserved 1972224K, committed 400384K, used 336281K [0x0000000087a00000, 0x0000000100000000)
  region size 1024K, 117 young (119808K), 9 survivors (9216K)
 Metaspace       used 75113K, committed 75520K, reserved 1179648K
  class space    used 7832K, committed 8000K, reserved 1048576K
}
Event: 61.776 GC heap after
{Heap after GC invocations=45 (full 0):
 garbage-first heap   total reserved 1972224K, committed 400384K, used 243354K [0x0000000087a00000, 0x0000000100000000)
  region size 1024K, 15 young (15360K), 15 survivors (15360K)
 Metaspace       used 75113K, committed 75520K, reserved 1179648K
  class space    used 7832K, committed 8000K, reserved 1048576K
}
Event: 65.553 GC heap before
{Heap before GC invocations=45 (full 0):
 garbage-first heap   total reserved 1972224K, committed 400384K, used 337562K [0x0000000087a00000, 0x0000000100000000)
  region size 1024K, 107 young (109568K), 15 survivors (15360K)
 Metaspace       used 83306K, committed 83712K, reserved 1179648K
  class space    used 8767K, committed 8960K, reserved 1048576K
}
Event: 65.589 GC heap after
{Heap after GC invocations=46 (full 0):
 garbage-first heap   total reserved 1972224K, committed 400384K, used 248856K [0x0000000087a00000, 0x0000000100000000)
  region size 1024K, 7 young (7168K), 7 survivors (7168K)
 Metaspace       used 83306K, committed 83712K, reserved 1179648K
  class space    used 8767K, committed 8960K, reserved 1048576K
}

